Using pre-set license
Built from '2020.3/release' branch; Version is '2020.3.12f1 (b3b2c6512326) revision 11776710'; Using compiler version '192528614'; Build Type 'Release'
OS: 'Windows 10 Home; OS build 19042.1165; Version 2009; 64bit' Language: 'en' Physical Memory: 16270 MB
BatchMode: 1, IsHumanControllingUs: 0, StartBugReporterOnCrash: 0, Is64bit: 1, IsPro: 0

 COMMAND LINE ARGUMENTS:
D:\Program Files\Unity\2020.3.12f1\Editor\Unity.exe
-adb2
-batchMode
-noUpm
-name
AssetImportWorker2
-projectPath
D:/Profiles/brian/Coding/Unity/2d Unity Project
-logFile
Logs/AssetImportWorker2.log
-srvPort
56512
Successfully changed project path to: D:/Profiles/brian/Coding/Unity/2d Unity Project
D:/Profiles/brian/Coding/Unity/2d Unity Project
Using Asset Import Pipeline V2.
Refreshing native plugins compatible for Editor in 52.64 ms, found 3 plugins.
Preloading 0 native plugins for Editor in 0.00 ms.
Initialize engine version: 2020.3.12f1 (b3b2c6512326)
[Subsystems] Discovering subsystems at path D:/Program Files/Unity/2020.3.12f1/Editor/Data/Resources/UnitySubsystems
[Subsystems] Discovering subsystems at path D:/Profiles/brian/Coding/Unity/2d Unity Project/Assets
GfxDevice: creating device client; threaded=0
Direct3D:
    Version:  Direct3D 11.0 [level 11.0]
    Renderer: NVIDIA GeForce 940MX (ID=0x134d)
    Vendor:   
    VRAM:     2010 MB
    Driver:   30.0.14.7141
Initialize mono
Mono path[0] = 'D:/Program Files/Unity/2020.3.12f1/Editor/Data/Managed'
Mono path[1] = 'D:/Program Files/Unity/2020.3.12f1/Editor/Data/MonoBleedingEdge/lib/mono/unityjit'
Mono config path = 'D:/Program Files/Unity/2020.3.12f1/Editor/Data/MonoBleedingEdge/etc'
Using monoOptions --debugger-agent=transport=dt_socket,embedding=1,server=y,suspend=n,address=127.0.0.1:56056
Begin MonoManager ReloadAssembly
Registering precompiled unity dll's ...
Register platform support module: D:/Program Files/Unity/2020.3.12f1/Editor/Data/PlaybackEngines/WebGLSupport/UnityEditor.WebGL.Extensions.dll
Register platform support module: D:/Program Files/Unity/2020.3.12f1/Editor/Data/PlaybackEngines/WindowsStandaloneSupport/UnityEditor.WindowsStandalone.Extensions.dll
Registered in 0.001532 seconds.
Native extension for WindowsStandalone target not found
Native extension for WebGL target not found
Refreshing native plugins compatible for Editor in 46.40 ms, found 3 plugins.
Preloading 0 native plugins for Editor in 0.00 ms.
Mono: successfully reloaded assembly
- Completed reload, in  1.444 seconds
Platform modules already initialized, skipping
Registering precompiled user dll's ...
Registered in 0.003922 seconds.
Begin MonoManager ReloadAssembly
Native extension for WindowsStandalone target not found
Native extension for WebGL target not found
Refreshing native plugins compatible for Editor in 50.12 ms, found 3 plugins.
Preloading 0 native plugins for Editor in 0.00 ms.
Mono: successfully reloaded assembly
- Completed reload, in  1.391 seconds
Platform modules already initialized, skipping
========================================================================
Worker process is ready to serve import requests
Launched and connected shader compiler UnityShaderCompiler.exe after 0.05 seconds
Refreshing native plugins compatible for Editor in 0.52 ms, found 3 plugins.
Preloading 0 native plugins for Editor in 0.00 ms.
Unloading 2341 Unused Serialized files (Serialized files now loaded: 0)
System memory in use before: 101.8 MB.
System memory in use after: 101.9 MB.

Unloading 29 unused Assets to reduce memory usage. Loaded Objects now: 2784.
Total: 2.560900 ms (FindLiveObjects: 0.253600 ms CreateObjectMapping: 0.098400 ms MarkObjects: 2.113100 ms  DeleteObjects: 0.094700 ms)

AssetImportParameters requested are different than current active one (requested -> active):
  custom:framework-win-MediaFoundation: 216162199b28c13a410421893ffa2e32 -> 
  custom:video-decoder-ogg-theora: a1e56fd34408186e4bbccfd4996cb3dc -> 
  custom:container-muxer-webm: aa71ff27fc2769a1b78a27578f13a17b -> 
  custom:container-demuxer-webm: 4f35f7cbe854078d1ac9338744f61a02 -> 
  custom:container-demuxer-ogg: 62fdf1f143b41e24485cea50d1cbac27 -> 
  custom:video-encoder-webm-vp8: eb34c28f22e8b96e1ab97ce403110664 -> 
  custom:video-decoder-webm-vp8: 9c59270c3fd7afecdb556c50c9e8de78 -> 
  custom:audio-decoder-ogg-vorbis: bf7c407c2cedff20999df2af8eb42d56 -> 
  custom:audio-encoder-webm-vorbis: bf7c407c2cedff20999df2af8eb42d56 -> 
========================================================================
Received Import Request.
  path: Assets/Scripts/UIHealthBar.cs
  artifactKey: Guid(83024476a76a57e4eb24fe6e62803130) Importer(815301076,1909f56bfc062723c751e8b465ee728b)
Start importing Assets/Scripts/UIHealthBar.cs using Guid(83024476a76a57e4eb24fe6e62803130) Importer(815301076,1909f56bfc062723c751e8b465ee728b)  -> (artifact id: '089d9c67e227931f47b015c0a0210eeb') in 0.031295 seconds 
  Import took 0.072799 seconds .

========================================================================
Received Import Request.
  Time since last request: 86.605441 seconds.
  path: Assets/Scripts/UIHealthBar.cs
  artifactKey: Guid(83024476a76a57e4eb24fe6e62803130) Importer(815301076,1909f56bfc062723c751e8b465ee728b)
Start importing Assets/Scripts/UIHealthBar.cs using Guid(83024476a76a57e4eb24fe6e62803130) Importer(815301076,1909f56bfc062723c751e8b465ee728b)  -> (artifact id: 'c04a9730b77a5fa6249f58fd71ca12c2') in 0.003425 seconds 
  Import took 0.037399 seconds .

========================================================================
Received Import Request.
  Time since last request: 0.011891 seconds.
  path: Assets/Scripts/UIHealthBar.cs
  artifactKey: Guid(83024476a76a57e4eb24fe6e62803130) Importer(815301076,1909f56bfc062723c751e8b465ee728b)
Start importing Assets/Scripts/UIHealthBar.cs using Guid(83024476a76a57e4eb24fe6e62803130) Importer(815301076,1909f56bfc062723c751e8b465ee728b)  -> (artifact id: 'c04a9730b77a5fa6249f58fd71ca12c2') in 0.004309 seconds 
  Import took 0.021599 seconds .

========================================================================
Received Prepare
Registering precompiled user dll's ...
Registered in 0.005348 seconds.
Begin MonoManager ReloadAssembly
Native extension for WindowsStandalone target not found
Native extension for WebGL target not found
Refreshing native plugins compatible for Editor in 0.63 ms, found 3 plugins.
Preloading 0 native plugins for Editor in 0.00 ms.
Mono: successfully reloaded assembly
- Completed reload, in  1.254 seconds
Platform modules already initialized, skipping
Refreshing native plugins compatible for Editor in 0.48 ms, found 3 plugins.
Preloading 0 native plugins for Editor in 0.00 ms.
Unloading 2329 Unused Serialized files (Serialized files now loaded: 0)
System memory in use before: 101.2 MB.
System memory in use after: 101.4 MB.

Unloading 17 unused Assets to reduce memory usage. Loaded Objects now: 2788.
Total: 2.808700 ms (FindLiveObjects: 0.225500 ms CreateObjectMapping: 0.089900 ms MarkObjects: 2.469600 ms  DeleteObjects: 0.022200 ms)

AssetImportParameters requested are different than current active one (requested -> active):
  custom:framework-win-MediaFoundation: 216162199b28c13a410421893ffa2e32 -> 
  custom:video-decoder-ogg-theora: a1e56fd34408186e4bbccfd4996cb3dc -> 
  custom:container-muxer-webm: aa71ff27fc2769a1b78a27578f13a17b -> 
  custom:container-demuxer-webm: 4f35f7cbe854078d1ac9338744f61a02 -> 
  custom:container-demuxer-ogg: 62fdf1f143b41e24485cea50d1cbac27 -> 
  custom:video-encoder-webm-vp8: eb34c28f22e8b96e1ab97ce403110664 -> 
  custom:video-decoder-webm-vp8: 9c59270c3fd7afecdb556c50c9e8de78 -> 
  custom:audio-decoder-ogg-vorbis: bf7c407c2cedff20999df2af8eb42d56 -> 
  custom:audio-encoder-webm-vorbis: bf7c407c2cedff20999df2af8eb42d56 -> 
========================================================================
Received Prepare
Registering precompiled user dll's ...
Registered in 0.003979 seconds.
Begin MonoManager ReloadAssembly
Native extension for WindowsStandalone target not found
Native extension for WebGL target not found
Refreshing native plugins compatible for Editor in 0.59 ms, found 3 plugins.
Preloading 0 native plugins for Editor in 0.00 ms.
Mono: successfully reloaded assembly
- Completed reload, in  1.195 seconds
Platform modules already initialized, skipping
Refreshing native plugins compatible for Editor in 0.48 ms, found 3 plugins.
Preloading 0 native plugins for Editor in 0.00 ms.
Unloading 2329 Unused Serialized files (Serialized files now loaded: 0)
System memory in use before: 101.2 MB.
System memory in use after: 101.5 MB.

Unloading 17 unused Assets to reduce memory usage. Loaded Objects now: 2792.
Total: 2.780100 ms (FindLiveObjects: 0.217700 ms CreateObjectMapping: 0.098900 ms MarkObjects: 2.445800 ms  DeleteObjects: 0.016700 ms)

AssetImportParameters requested are different than current active one (requested -> active):
  custom:framework-win-MediaFoundation: 216162199b28c13a410421893ffa2e32 -> 
  custom:video-decoder-ogg-theora: a1e56fd34408186e4bbccfd4996cb3dc -> 
  custom:container-muxer-webm: aa71ff27fc2769a1b78a27578f13a17b -> 
  custom:container-demuxer-webm: 4f35f7cbe854078d1ac9338744f61a02 -> 
  custom:container-demuxer-ogg: 62fdf1f143b41e24485cea50d1cbac27 -> 
  custom:video-encoder-webm-vp8: eb34c28f22e8b96e1ab97ce403110664 -> 
  custom:video-decoder-webm-vp8: 9c59270c3fd7afecdb556c50c9e8de78 -> 
  custom:audio-decoder-ogg-vorbis: bf7c407c2cedff20999df2af8eb42d56 -> 
  custom:audio-encoder-webm-vorbis: bf7c407c2cedff20999df2af8eb42d56 -> 
========================================================================
Received Prepare
Registering precompiled user dll's ...
Registered in 0.005646 seconds.
Begin MonoManager ReloadAssembly
Native extension for WindowsStandalone target not found
Native extension for WebGL target not found
Refreshing native plugins compatible for Editor in 0.47 ms, found 3 plugins.
Preloading 0 native plugins for Editor in 0.00 ms.
Mono: successfully reloaded assembly
- Completed reload, in  1.203 seconds
Platform modules already initialized, skipping
Refreshing native plugins compatible for Editor in 0.54 ms, found 3 plugins.
Preloading 0 native plugins for Editor in 0.00 ms.
Unloading 2329 Unused Serialized files (Serialized files now loaded: 0)
System memory in use before: 101.3 MB.
System memory in use after: 101.5 MB.

Unloading 17 unused Assets to reduce memory usage. Loaded Objects now: 2796.
Total: 2.690000 ms (FindLiveObjects: 0.228600 ms CreateObjectMapping: 0.097800 ms MarkObjects: 2.345200 ms  DeleteObjects: 0.017300 ms)

AssetImportParameters requested are different than current active one (requested -> active):
  custom:framework-win-MediaFoundation: 216162199b28c13a410421893ffa2e32 -> 
  custom:video-decoder-ogg-theora: a1e56fd34408186e4bbccfd4996cb3dc -> 
  custom:container-muxer-webm: aa71ff27fc2769a1b78a27578f13a17b -> 
  custom:container-demuxer-webm: 4f35f7cbe854078d1ac9338744f61a02 -> 
  custom:container-demuxer-ogg: 62fdf1f143b41e24485cea50d1cbac27 -> 
  custom:video-encoder-webm-vp8: eb34c28f22e8b96e1ab97ce403110664 -> 
  custom:video-decoder-webm-vp8: 9c59270c3fd7afecdb556c50c9e8de78 -> 
  custom:audio-decoder-ogg-vorbis: bf7c407c2cedff20999df2af8eb42d56 -> 
  custom:audio-encoder-webm-vorbis: bf7c407c2cedff20999df2af8eb42d56 -> 
========================================================================
Received Import Request.
  Time since last request: 606.359315 seconds.
  path: Assets/Scripts/UIHealthBar.cs
  artifactKey: Guid(83024476a76a57e4eb24fe6e62803130) Importer(815301076,1909f56bfc062723c751e8b465ee728b)
Start importing Assets/Scripts/UIHealthBar.cs using Guid(83024476a76a57e4eb24fe6e62803130) Importer(815301076,1909f56bfc062723c751e8b465ee728b)  -> (artifact id: '27d8107158448eb0b2eefc7c753a6fdd') in 0.006032 seconds 
  Import took 0.344683 seconds .

========================================================================
Received Prepare
Registering precompiled user dll's ...
Registered in 0.006416 seconds.
Begin MonoManager ReloadAssembly
Native extension for WindowsStandalone target not found
Native extension for WebGL target not found
Refreshing native plugins compatible for Editor in 0.49 ms, found 3 plugins.
Preloading 0 native plugins for Editor in 0.00 ms.
Mono: successfully reloaded assembly
- Completed reload, in  1.191 seconds
Platform modules already initialized, skipping
Refreshing native plugins compatible for Editor in 0.80 ms, found 3 plugins.
Preloading 0 native plugins for Editor in 0.00 ms.
Unloading 2329 Unused Serialized files (Serialized files now loaded: 0)
System memory in use before: 101.3 MB.
System memory in use after: 101.5 MB.

Unloading 17 unused Assets to reduce memory usage. Loaded Objects now: 2800.
Total: 3.968500 ms (FindLiveObjects: 0.727100 ms CreateObjectMapping: 0.235300 ms MarkObjects: 2.983800 ms  DeleteObjects: 0.019000 ms)

AssetImportParameters requested are different than current active one (requested -> active):
  custom:framework-win-MediaFoundation: 216162199b28c13a410421893ffa2e32 -> 
  custom:video-decoder-ogg-theora: a1e56fd34408186e4bbccfd4996cb3dc -> 
  custom:container-muxer-webm: aa71ff27fc2769a1b78a27578f13a17b -> 
  custom:container-demuxer-webm: 4f35f7cbe854078d1ac9338744f61a02 -> 
  custom:container-demuxer-ogg: 62fdf1f143b41e24485cea50d1cbac27 -> 
  custom:video-encoder-webm-vp8: eb34c28f22e8b96e1ab97ce403110664 -> 
  custom:video-decoder-webm-vp8: 9c59270c3fd7afecdb556c50c9e8de78 -> 
  custom:audio-decoder-ogg-vorbis: bf7c407c2cedff20999df2af8eb42d56 -> 
  custom:audio-encoder-webm-vorbis: bf7c407c2cedff20999df2af8eb42d56 -> 
========================================================================
Received Import Request.
  Time since last request: 139.411098 seconds.
  path: Assets/Prefabs/MrClockwork.prefab
  artifactKey: Guid(9583c49ebff8d154cbd8c06aa1a09956) Importer(815301076,1909f56bfc062723c751e8b465ee728b)
Start importing Assets/Prefabs/MrClockwork.prefab using Guid(9583c49ebff8d154cbd8c06aa1a09956) Importer(815301076,1909f56bfc062723c751e8b465ee728b)  -> (artifact id: '95de88615fc58e294adcacc67cf01c11') in 0.368741 seconds 
  Import took 0.411227 seconds .

========================================================================
Received Prepare
Registering precompiled user dll's ...
Registered in 0.003698 seconds.
Begin MonoManager ReloadAssembly
Native extension for WindowsStandalone target not found
Native extension for WebGL target not found
Refreshing native plugins compatible for Editor in 0.59 ms, found 3 plugins.
Preloading 0 native plugins for Editor in 0.00 ms.
Mono: successfully reloaded assembly
- Completed reload, in  1.232 seconds
Platform modules already initialized, skipping
Refreshing native plugins compatible for Editor in 0.54 ms, found 3 plugins.
Preloading 0 native plugins for Editor in 0.00 ms.
Unloading 2329 Unused Serialized files (Serialized files now loaded: 0)
System memory in use before: 104.2 MB.
System memory in use after: 104.5 MB.

Unloading 19 unused Assets to reduce memory usage. Loaded Objects now: 2811.
Total: 2.485500 ms (FindLiveObjects: 0.238500 ms CreateObjectMapping: 0.094800 ms MarkObjects: 2.110600 ms  DeleteObjects: 0.040300 ms)

AssetImportParameters requested are different than current active one (requested -> active):
  custom:framework-win-MediaFoundation: 216162199b28c13a410421893ffa2e32 -> 
  custom:video-decoder-ogg-theora: a1e56fd34408186e4bbccfd4996cb3dc -> 
  custom:container-muxer-webm: aa71ff27fc2769a1b78a27578f13a17b -> 
  custom:container-demuxer-webm: 4f35f7cbe854078d1ac9338744f61a02 -> 
  custom:container-demuxer-ogg: 62fdf1f143b41e24485cea50d1cbac27 -> 
  custom:video-encoder-webm-vp8: eb34c28f22e8b96e1ab97ce403110664 -> 
  custom:video-decoder-webm-vp8: 9c59270c3fd7afecdb556c50c9e8de78 -> 
  custom:audio-decoder-ogg-vorbis: bf7c407c2cedff20999df2af8eb42d56 -> 
  custom:audio-encoder-webm-vorbis: bf7c407c2cedff20999df2af8eb42d56 -> 
========================================================================
Received Import Request.
  Time since last request: 105.449591 seconds.
  path: Assets/Prefabs/MrClockwork.prefab
  artifactKey: Guid(9583c49ebff8d154cbd8c06aa1a09956) Importer(815301076,1909f56bfc062723c751e8b465ee728b)
Start importing Assets/Prefabs/MrClockwork.prefab using Guid(9583c49ebff8d154cbd8c06aa1a09956) Importer(815301076,1909f56bfc062723c751e8b465ee728b)  -> (artifact id: '1a5e8a17568ec076375c2328978241eb') in 0.073511 seconds 
  Import took 0.179534 seconds .

========================================================================
Received Prepare
Registering precompiled user dll's ...
Registered in 0.006066 seconds.
Begin MonoManager ReloadAssembly
Native extension for WindowsStandalone target not found
Native extension for WebGL target not found
Refreshing native plugins compatible for Editor in 0.49 ms, found 3 plugins.
Preloading 0 native plugins for Editor in 0.00 ms.
Mono: successfully reloaded assembly
- Completed reload, in  1.021 seconds
Platform modules already initialized, skipping
Refreshing native plugins compatible for Editor in 0.50 ms, found 3 plugins.
Preloading 0 native plugins for Editor in 0.00 ms.
Unloading 2329 Unused Serialized files (Serialized files now loaded: 0)
System memory in use before: 104.3 MB.
System memory in use after: 104.6 MB.

Unloading 19 unused Assets to reduce memory usage. Loaded Objects now: 2816.
Total: 2.982900 ms (FindLiveObjects: 0.328800 ms CreateObjectMapping: 0.138300 ms MarkObjects: 2.458700 ms  DeleteObjects: 0.055900 ms)

AssetImportParameters requested are different than current active one (requested -> active):
  custom:framework-win-MediaFoundation: 216162199b28c13a410421893ffa2e32 -> 
  custom:video-decoder-ogg-theora: a1e56fd34408186e4bbccfd4996cb3dc -> 
  custom:container-muxer-webm: aa71ff27fc2769a1b78a27578f13a17b -> 
  custom:container-demuxer-webm: 4f35f7cbe854078d1ac9338744f61a02 -> 
  custom:container-demuxer-ogg: 62fdf1f143b41e24485cea50d1cbac27 -> 
  custom:video-encoder-webm-vp8: eb34c28f22e8b96e1ab97ce403110664 -> 
  custom:video-decoder-webm-vp8: 9c59270c3fd7afecdb556c50c9e8de78 -> 
  custom:audio-decoder-ogg-vorbis: bf7c407c2cedff20999df2af8eb42d56 -> 
  custom:audio-encoder-webm-vorbis: bf7c407c2cedff20999df2af8eb42d56 -> 
========================================================================
Received Prepare
Registering precompiled user dll's ...
Registered in 0.004285 seconds.
Begin MonoManager ReloadAssembly
Native extension for WindowsStandalone target not found
Native extension for WebGL target not found
Refreshing native plugins compatible for Editor in 0.49 ms, found 3 plugins.
Preloading 0 native plugins for Editor in 0.00 ms.
Mono: successfully reloaded assembly
- Completed reload, in  1.173 seconds
Platform modules already initialized, skipping
Refreshing native plugins compatible for Editor in 0.51 ms, found 3 plugins.
Preloading 0 native plugins for Editor in 0.00 ms.
Unloading 2329 Unused Serialized files (Serialized files now loaded: 0)
System memory in use before: 104.3 MB.
System memory in use after: 104.6 MB.

Unloading 17 unused Assets to reduce memory usage. Loaded Objects now: 2820.
Total: 3.634000 ms (FindLiveObjects: 0.294500 ms CreateObjectMapping: 0.169900 ms MarkObjects: 3.152400 ms  DeleteObjects: 0.016300 ms)

AssetImportParameters requested are different than current active one (requested -> active):
  custom:framework-win-MediaFoundation: 216162199b28c13a410421893ffa2e32 -> 
  custom:video-decoder-ogg-theora: a1e56fd34408186e4bbccfd4996cb3dc -> 
  custom:container-muxer-webm: aa71ff27fc2769a1b78a27578f13a17b -> 
  custom:container-demuxer-webm: 4f35f7cbe854078d1ac9338744f61a02 -> 
  custom:container-demuxer-ogg: 62fdf1f143b41e24485cea50d1cbac27 -> 
  custom:video-encoder-webm-vp8: eb34c28f22e8b96e1ab97ce403110664 -> 
  custom:video-decoder-webm-vp8: 9c59270c3fd7afecdb556c50c9e8de78 -> 
  custom:audio-decoder-ogg-vorbis: bf7c407c2cedff20999df2af8eb42d56 -> 
  custom:audio-encoder-webm-vorbis: bf7c407c2cedff20999df2af8eb42d56 -> 
========================================================================
Received Import Request.
  Time since last request: 940.025631 seconds.
  path: Assets/Prefabs/MrClockwork.prefab
  artifactKey: Guid(9583c49ebff8d154cbd8c06aa1a09956) Importer(815301076,1909f56bfc062723c751e8b465ee728b)
Start importing Assets/Prefabs/MrClockwork.prefab using Guid(9583c49ebff8d154cbd8c06aa1a09956) Importer(815301076,1909f56bfc062723c751e8b465ee728b)  -> (artifact id: 'bd061118cddd8ff6598c9ff3dee24579') in 0.088471 seconds 
  Import took 0.125168 seconds .

========================================================================
Received Prepare
Registering precompiled user dll's ...
Registered in 0.004272 seconds.
Begin MonoManager ReloadAssembly
Native extension for WindowsStandalone target not found
Native extension for WebGL target not found
Refreshing native plugins compatible for Editor in 0.47 ms, found 3 plugins.
Preloading 0 native plugins for Editor in 0.00 ms.
Mono: successfully reloaded assembly
- Completed reload, in  1.191 seconds
Platform modules already initialized, skipping
Refreshing native plugins compatible for Editor in 0.47 ms, found 3 plugins.
Preloading 0 native plugins for Editor in 0.00 ms.
Unloading 2329 Unused Serialized files (Serialized files now loaded: 0)
System memory in use before: 104.4 MB.
System memory in use after: 104.6 MB.

Unloading 19 unused Assets to reduce memory usage. Loaded Objects now: 2825.
Total: 2.202500 ms (FindLiveObjects: 0.236800 ms CreateObjectMapping: 0.101000 ms MarkObjects: 1.828900 ms  DeleteObjects: 0.034600 ms)

AssetImportParameters requested are different than current active one (requested -> active):
  custom:framework-win-MediaFoundation: 216162199b28c13a410421893ffa2e32 -> 
  custom:video-decoder-ogg-theora: a1e56fd34408186e4bbccfd4996cb3dc -> 
  custom:container-muxer-webm: aa71ff27fc2769a1b78a27578f13a17b -> 
  custom:container-demuxer-webm: 4f35f7cbe854078d1ac9338744f61a02 -> 
  custom:container-demuxer-ogg: 62fdf1f143b41e24485cea50d1cbac27 -> 
  custom:video-encoder-webm-vp8: eb34c28f22e8b96e1ab97ce403110664 -> 
  custom:video-decoder-webm-vp8: 9c59270c3fd7afecdb556c50c9e8de78 -> 
  custom:audio-decoder-ogg-vorbis: bf7c407c2cedff20999df2af8eb42d56 -> 
  custom:audio-encoder-webm-vorbis: bf7c407c2cedff20999df2af8eb42d56 -> 
========================================================================
Received Import Request.
  Time since last request: 754.508321 seconds.
  path: Assets/Prefabs/SparkEffect.prefab
  artifactKey: Guid(c7352c0ae50eab741a5ab3bd10ab8fdd) Importer(815301076,1909f56bfc062723c751e8b465ee728b)
Start importing Assets/Prefabs/SparkEffect.prefab using Guid(c7352c0ae50eab741a5ab3bd10ab8fdd) Importer(815301076,1909f56bfc062723c751e8b465ee728b)  -> (artifact id: 'cd83b7d925e843875f5841803b246b25') in 0.038026 seconds 
  Import took 0.056981 seconds .

========================================================================
Received Import Request.
  Time since last request: 0.001727 seconds.
  path: Assets/Prefabs/SparkEffect.prefab
  artifactKey: Guid(c7352c0ae50eab741a5ab3bd10ab8fdd) Importer(815301076,1909f56bfc062723c751e8b465ee728b)
Start importing Assets/Prefabs/SparkEffect.prefab using Guid(c7352c0ae50eab741a5ab3bd10ab8fdd) Importer(815301076,1909f56bfc062723c751e8b465ee728b)  -> (artifact id: 'cd83b7d925e843875f5841803b246b25') in 0.004054 seconds 
  Import took 0.007784 seconds .

========================================================================
Received Import Request.
  Time since last request: 163.023383 seconds.
  path: Assets/Prefabs/SparkEffect.prefab
  artifactKey: Guid(c7352c0ae50eab741a5ab3bd10ab8fdd) Importer(815301076,1909f56bfc062723c751e8b465ee728b)
Start importing Assets/Prefabs/SparkEffect.prefab using Guid(c7352c0ae50eab741a5ab3bd10ab8fdd) Importer(815301076,1909f56bfc062723c751e8b465ee728b)  -> (artifact id: '1c6bd252cb45fe2785df7fe82eeff9ad') in 0.004596 seconds 
  Import took 0.060346 seconds .

========================================================================
Received Import Request.
  Time since last request: 14.751513 seconds.
  path: Assets/Prefabs/SparkEffect.prefab
  artifactKey: Guid(c7352c0ae50eab741a5ab3bd10ab8fdd) Importer(815301076,1909f56bfc062723c751e8b465ee728b)
Start importing Assets/Prefabs/SparkEffect.prefab using Guid(c7352c0ae50eab741a5ab3bd10ab8fdd) Importer(815301076,1909f56bfc062723c751e8b465ee728b)  -> (artifact id: '17698bb4d4407e8809850eabae6a76d5') in 0.005138 seconds 
  Import took 0.049074 seconds .

========================================================================
Received Import Request.
  Time since last request: 6.174035 seconds.
  path: Assets/Prefabs/SparkEffect.prefab
  artifactKey: Guid(c7352c0ae50eab741a5ab3bd10ab8fdd) Importer(815301076,1909f56bfc062723c751e8b465ee728b)
Start importing Assets/Prefabs/SparkEffect.prefab using Guid(c7352c0ae50eab741a5ab3bd10ab8fdd) Importer(815301076,1909f56bfc062723c751e8b465ee728b)  -> (artifact id: '12a7e4b981fa1c9d86d4c2ffdc63cf74') in 0.004190 seconds 
  Import took 0.038604 seconds .

========================================================================
Received Import Request.
  Time since last request: 0.003347 seconds.
  path: Assets/Prefabs/SparkEffect.prefab
  artifactKey: Guid(c7352c0ae50eab741a5ab3bd10ab8fdd) Importer(815301076,1909f56bfc062723c751e8b465ee728b)
Start importing Assets/Prefabs/SparkEffect.prefab using Guid(c7352c0ae50eab741a5ab3bd10ab8fdd) Importer(815301076,1909f56bfc062723c751e8b465ee728b)  -> (artifact id: '12a7e4b981fa1c9d86d4c2ffdc63cf74') in 0.004074 seconds 
  Import took 0.007694 seconds .

========================================================================
Received Import Request.
  Time since last request: 11.517762 seconds.
  path: Assets/Prefabs/SparkEffect.prefab
  artifactKey: Guid(c7352c0ae50eab741a5ab3bd10ab8fdd) Importer(815301076,1909f56bfc062723c751e8b465ee728b)
Start importing Assets/Prefabs/SparkEffect.prefab using Guid(c7352c0ae50eab741a5ab3bd10ab8fdd) Importer(815301076,1909f56bfc062723c751e8b465ee728b)  -> (artifact id: 'eb338c3243b361027e613635559c4dcb') in 0.004211 seconds 
  Import took 0.040676 seconds .

========================================================================
Received Import Request.
  Time since last request: 19.089865 seconds.
  path: Assets/Prefabs/SparkEffect.prefab
  artifactKey: Guid(c7352c0ae50eab741a5ab3bd10ab8fdd) Importer(815301076,1909f56bfc062723c751e8b465ee728b)
Start importing Assets/Prefabs/SparkEffect.prefab using Guid(c7352c0ae50eab741a5ab3bd10ab8fdd) Importer(815301076,1909f56bfc062723c751e8b465ee728b)  -> (artifact id: '8986c374f88d8a5dc86ce314da392b71') in 0.004344 seconds 
  Import took 0.058325 seconds .

========================================================================
Received Import Request.
  Time since last request: 8.132632 seconds.
  path: Assets/Prefabs/SparkEffect.prefab
  artifactKey: Guid(c7352c0ae50eab741a5ab3bd10ab8fdd) Importer(815301076,1909f56bfc062723c751e8b465ee728b)
Start importing Assets/Prefabs/SparkEffect.prefab using Guid(c7352c0ae50eab741a5ab3bd10ab8fdd) Importer(815301076,1909f56bfc062723c751e8b465ee728b)  -> (artifact id: 'ee1b52b58506378bb7c38586007dd415') in 0.004716 seconds 
  Import took 0.039697 seconds .

========================================================================
Received Import Request.
  Time since last request: 0.005228 seconds.
  path: Assets/Prefabs/SparkEffect.prefab
  artifactKey: Guid(c7352c0ae50eab741a5ab3bd10ab8fdd) Importer(815301076,1909f56bfc062723c751e8b465ee728b)
Start importing Assets/Prefabs/SparkEffect.prefab using Guid(c7352c0ae50eab741a5ab3bd10ab8fdd) Importer(815301076,1909f56bfc062723c751e8b465ee728b)  -> (artifact id: 'ee1b52b58506378bb7c38586007dd415') in 0.004045 seconds 
  Import took 0.008346 seconds .

========================================================================
Received Import Request.
  Time since last request: 5.051487 seconds.
  path: Assets/Prefabs/SparkEffect.prefab
  artifactKey: Guid(c7352c0ae50eab741a5ab3bd10ab8fdd) Importer(815301076,1909f56bfc062723c751e8b465ee728b)
Start importing Assets/Prefabs/SparkEffect.prefab using Guid(c7352c0ae50eab741a5ab3bd10ab8fdd) Importer(815301076,1909f56bfc062723c751e8b465ee728b)  -> (artifact id: 'f0086d912667a802ffd57db5fc9c7eb3') in 0.004499 seconds 
  Import took 0.040938 seconds .

========================================================================
Received Prepare
Registering precompiled user dll's ...
Registered in 0.003947 seconds.
Begin MonoManager ReloadAssembly
Native extension for WindowsStandalone target not found
Native extension for WebGL target not found
Refreshing native plugins compatible for Editor in 0.57 ms, found 3 plugins.
Preloading 0 native plugins for Editor in 0.00 ms.
Mono: successfully reloaded assembly
- Completed reload, in  1.171 seconds
Platform modules already initialized, skipping
Refreshing native plugins compatible for Editor in 0.50 ms, found 3 plugins.
Preloading 0 native plugins for Editor in 0.00 ms.
Unloading 2329 Unused Serialized files (Serialized files now loaded: 0)
System memory in use before: 104.4 MB.
System memory in use after: 104.6 MB.

Unloading 17 unused Assets to reduce memory usage. Loaded Objects now: 2829.
Total: 2.222800 ms (FindLiveObjects: 0.193800 ms CreateObjectMapping: 0.084400 ms MarkObjects: 1.929600 ms  DeleteObjects: 0.014200 ms)

AssetImportParameters requested are different than current active one (requested -> active):
  custom:framework-win-MediaFoundation: 216162199b28c13a410421893ffa2e32 -> 
  custom:video-decoder-ogg-theora: a1e56fd34408186e4bbccfd4996cb3dc -> 
  custom:container-muxer-webm: aa71ff27fc2769a1b78a27578f13a17b -> 
  custom:container-demuxer-webm: 4f35f7cbe854078d1ac9338744f61a02 -> 
  custom:container-demuxer-ogg: 62fdf1f143b41e24485cea50d1cbac27 -> 
  custom:video-encoder-webm-vp8: eb34c28f22e8b96e1ab97ce403110664 -> 
  custom:video-decoder-webm-vp8: 9c59270c3fd7afecdb556c50c9e8de78 -> 
  custom:audio-decoder-ogg-vorbis: bf7c407c2cedff20999df2af8eb42d56 -> 
  custom:audio-encoder-webm-vorbis: bf7c407c2cedff20999df2af8eb42d56 -> 
========================================================================
Received Prepare
Registering precompiled user dll's ...
Registered in 0.004077 seconds.
Begin MonoManager ReloadAssembly
Native extension for WindowsStandalone target not found
Native extension for WebGL target not found
Refreshing native plugins compatible for Editor in 0.47 ms, found 3 plugins.
Preloading 0 native plugins for Editor in 0.00 ms.
Mono: successfully reloaded assembly
- Completed reload, in  1.059 seconds
Platform modules already initialized, skipping
Refreshing native plugins compatible for Editor in 0.47 ms, found 3 plugins.
Preloading 0 native plugins for Editor in 0.00 ms.
Unloading 2329 Unused Serialized files (Serialized files now loaded: 0)
System memory in use before: 104.3 MB.
System memory in use after: 104.5 MB.

Unloading 17 unused Assets to reduce memory usage. Loaded Objects now: 2833.
Total: 2.693700 ms (FindLiveObjects: 0.235700 ms CreateObjectMapping: 0.094100 ms MarkObjects: 2.342500 ms  DeleteObjects: 0.019800 ms)

AssetImportParameters requested are different than current active one (requested -> active):
  custom:framework-win-MediaFoundation: 216162199b28c13a410421893ffa2e32 -> 
  custom:video-decoder-ogg-theora: a1e56fd34408186e4bbccfd4996cb3dc -> 
  custom:container-muxer-webm: aa71ff27fc2769a1b78a27578f13a17b -> 
  custom:container-demuxer-webm: 4f35f7cbe854078d1ac9338744f61a02 -> 
  custom:container-demuxer-ogg: 62fdf1f143b41e24485cea50d1cbac27 -> 
  custom:video-encoder-webm-vp8: eb34c28f22e8b96e1ab97ce403110664 -> 
  custom:video-decoder-webm-vp8: 9c59270c3fd7afecdb556c50c9e8de78 -> 
  custom:audio-decoder-ogg-vorbis: bf7c407c2cedff20999df2af8eb42d56 -> 
  custom:audio-encoder-webm-vorbis: bf7c407c2cedff20999df2af8eb42d56 -> 
========================================================================
Received Prepare
Registering precompiled user dll's ...
Registered in 0.003977 seconds.
Begin MonoManager ReloadAssembly
Native extension for WindowsStandalone target not found
Native extension for WebGL target not found
Refreshing native plugins compatible for Editor in 0.46 ms, found 3 plugins.
Preloading 0 native plugins for Editor in 0.00 ms.
Mono: successfully reloaded assembly
- Completed reload, in  1.110 seconds
Platform modules already initialized, skipping
Refreshing native plugins compatible for Editor in 0.50 ms, found 3 plugins.
Preloading 0 native plugins for Editor in 0.00 ms.
Unloading 2329 Unused Serialized files (Serialized files now loaded: 0)
System memory in use before: 104.4 MB.
System memory in use after: 104.6 MB.

Unloading 17 unused Assets to reduce memory usage. Loaded Objects now: 2837.
Total: 2.478700 ms (FindLiveObjects: 0.230100 ms CreateObjectMapping: 0.087600 ms MarkObjects: 2.142100 ms  DeleteObjects: 0.018000 ms)

AssetImportParameters requested are different than current active one (requested -> active):
  custom:framework-win-MediaFoundation: 216162199b28c13a410421893ffa2e32 -> 
  custom:video-decoder-ogg-theora: a1e56fd34408186e4bbccfd4996cb3dc -> 
  custom:container-muxer-webm: aa71ff27fc2769a1b78a27578f13a17b -> 
  custom:container-demuxer-webm: 4f35f7cbe854078d1ac9338744f61a02 -> 
  custom:container-demuxer-ogg: 62fdf1f143b41e24485cea50d1cbac27 -> 
  custom:video-encoder-webm-vp8: eb34c28f22e8b96e1ab97ce403110664 -> 
  custom:video-decoder-webm-vp8: 9c59270c3fd7afecdb556c50c9e8de78 -> 
  custom:audio-decoder-ogg-vorbis: bf7c407c2cedff20999df2af8eb42d56 -> 
  custom:audio-encoder-webm-vorbis: bf7c407c2cedff20999df2af8eb42d56 -> 
========================================================================
Received Import Request.
  Time since last request: 275.392988 seconds.
  path: Assets/Prefabs/CogBullet.prefab
  artifactKey: Guid(9edbd0c0015ebc4479b7182103ac8df9) Importer(815301076,1909f56bfc062723c751e8b465ee728b)
Start importing Assets/Prefabs/CogBullet.prefab using Guid(9edbd0c0015ebc4479b7182103ac8df9) Importer(815301076,1909f56bfc062723c751e8b465ee728b)  -> (artifact id: '3787527e8fea1068429b5d2328b3acdd') in 0.195386 seconds 
  Import took 0.218814 seconds .

========================================================================
Received Import Request.
  Time since last request: 45.048666 seconds.
  path: Assets/Prefabs/CogBullet.prefab
  artifactKey: Guid(9edbd0c0015ebc4479b7182103ac8df9) Importer(815301076,1909f56bfc062723c751e8b465ee728b)
Start importing Assets/Prefabs/CogBullet.prefab using Guid(9edbd0c0015ebc4479b7182103ac8df9) Importer(815301076,1909f56bfc062723c751e8b465ee728b)  -> (artifact id: 'fd82a2278bca814491e017b5a6fd603f') in 0.017497 seconds 
  Import took 0.022358 seconds .

========================================================================
Received Import Request.
  Time since last request: 12.586725 seconds.
  path: Assets/Prefabs/CogBullet.prefab
  artifactKey: Guid(9edbd0c0015ebc4479b7182103ac8df9) Importer(815301076,1909f56bfc062723c751e8b465ee728b)
Start importing Assets/Prefabs/CogBullet.prefab using Guid(9edbd0c0015ebc4479b7182103ac8df9) Importer(815301076,1909f56bfc062723c751e8b465ee728b)  -> (artifact id: '29e098b1458775a76a9af684c0a4ed7e') in 0.016090 seconds 
  Import took 0.042939 seconds .

========================================================================
Received Import Request.
  Time since last request: 4.234033 seconds.
  path: Assets/Prefabs/CogBullet.prefab
  artifactKey: Guid(9edbd0c0015ebc4479b7182103ac8df9) Importer(815301076,1909f56bfc062723c751e8b465ee728b)
Start importing Assets/Prefabs/CogBullet.prefab using Guid(9edbd0c0015ebc4479b7182103ac8df9) Importer(815301076,1909f56bfc062723c751e8b465ee728b)  -> (artifact id: '82bf3681fa03f92409233998db381d36') in 0.021722 seconds 
  Import took 0.025767 seconds .

========================================================================
Received Prepare
Registering precompiled user dll's ...
Registered in 0.006315 seconds.
Begin MonoManager ReloadAssembly
Native extension for WindowsStandalone target not found
Native extension for WebGL target not found
Refreshing native plugins compatible for Editor in 0.54 ms, found 3 plugins.
Preloading 0 native plugins for Editor in 0.00 ms.
Mono: successfully reloaded assembly
- Completed reload, in  1.078 seconds
Platform modules already initialized, skipping
Refreshing native plugins compatible for Editor in 0.59 ms, found 3 plugins.
Preloading 0 native plugins for Editor in 0.00 ms.
Unloading 2329 Unused Serialized files (Serialized files now loaded: 0)
System memory in use before: 104.4 MB.
System memory in use after: 104.6 MB.

Unloading 17 unused Assets to reduce memory usage. Loaded Objects now: 2842.
Total: 2.762700 ms (FindLiveObjects: 0.281700 ms CreateObjectMapping: 0.140000 ms MarkObjects: 2.321800 ms  DeleteObjects: 0.017900 ms)

AssetImportParameters requested are different than current active one (requested -> active):
  custom:framework-win-MediaFoundation: 216162199b28c13a410421893ffa2e32 -> 
  custom:video-decoder-ogg-theora: a1e56fd34408186e4bbccfd4996cb3dc -> 
  custom:container-muxer-webm: aa71ff27fc2769a1b78a27578f13a17b -> 
  custom:container-demuxer-webm: 4f35f7cbe854078d1ac9338744f61a02 -> 
  custom:container-demuxer-ogg: 62fdf1f143b41e24485cea50d1cbac27 -> 
  custom:video-encoder-webm-vp8: eb34c28f22e8b96e1ab97ce403110664 -> 
  custom:video-decoder-webm-vp8: 9c59270c3fd7afecdb556c50c9e8de78 -> 
  custom:audio-decoder-ogg-vorbis: bf7c407c2cedff20999df2af8eb42d56 -> 
  custom:audio-encoder-webm-vorbis: bf7c407c2cedff20999df2af8eb42d56 -> 
========================================================================
Received Import Request.
  Time since last request: 53.270845 seconds.
  path: Assets/Prefabs/SparkEffect.prefab
  artifactKey: Guid(c7352c0ae50eab741a5ab3bd10ab8fdd) Importer(815301076,1909f56bfc062723c751e8b465ee728b)
Start importing Assets/Prefabs/SparkEffect.prefab using Guid(c7352c0ae50eab741a5ab3bd10ab8fdd) Importer(815301076,1909f56bfc062723c751e8b465ee728b)  -> (artifact id: '3a10dff3e1751f889b1d44c3fec1d970') in 0.029871 seconds 
  Import took 0.060621 seconds .

========================================================================
Received Import Request.
  Time since last request: 0.000328 seconds.
  path: Assets/Prefabs/CogBullet.prefab
  artifactKey: Guid(9edbd0c0015ebc4479b7182103ac8df9) Importer(815301076,1909f56bfc062723c751e8b465ee728b)
Start importing Assets/Prefabs/CogBullet.prefab using Guid(9edbd0c0015ebc4479b7182103ac8df9) Importer(815301076,1909f56bfc062723c751e8b465ee728b)  -> (artifact id: '9e063ec52886a3eeef2ec93b5a58e494') in 0.039888 seconds 
  Import took 0.061668 seconds .

========================================================================
Received Prepare
Registering precompiled user dll's ...
Registered in 0.003920 seconds.
Begin MonoManager ReloadAssembly
Native extension for WindowsStandalone target not found
Native extension for WebGL target not found
Refreshing native plugins compatible for Editor in 0.56 ms, found 3 plugins.
Preloading 0 native plugins for Editor in 0.00 ms.
Mono: successfully reloaded assembly
- Completed reload, in  1.010 seconds
Platform modules already initialized, skipping
Refreshing native plugins compatible for Editor in 0.54 ms, found 3 plugins.
Preloading 0 native plugins for Editor in 0.00 ms.
Unloading 2329 Unused Serialized files (Serialized files now loaded: 0)
System memory in use before: 104.4 MB.
System memory in use after: 104.6 MB.

Unloading 17 unused Assets to reduce memory usage. Loaded Objects now: 2847.
Total: 2.575200 ms (FindLiveObjects: 0.207100 ms CreateObjectMapping: 0.092400 ms MarkObjects: 2.257800 ms  DeleteObjects: 0.017000 ms)

AssetImportParameters requested are different than current active one (requested -> active):
  custom:framework-win-MediaFoundation: 216162199b28c13a410421893ffa2e32 -> 
  custom:video-decoder-ogg-theora: a1e56fd34408186e4bbccfd4996cb3dc -> 
  custom:container-muxer-webm: aa71ff27fc2769a1b78a27578f13a17b -> 
  custom:container-demuxer-webm: 4f35f7cbe854078d1ac9338744f61a02 -> 
  custom:container-demuxer-ogg: 62fdf1f143b41e24485cea50d1cbac27 -> 
  custom:video-encoder-webm-vp8: eb34c28f22e8b96e1ab97ce403110664 -> 
  custom:video-decoder-webm-vp8: 9c59270c3fd7afecdb556c50c9e8de78 -> 
  custom:audio-decoder-ogg-vorbis: bf7c407c2cedff20999df2af8eb42d56 -> 
  custom:audio-encoder-webm-vorbis: bf7c407c2cedff20999df2af8eb42d56 -> 
========================================================================
Received Import Request.
  Time since last request: 81.576412 seconds.
  path: Assets/Prefabs/SparkEffect.prefab
  artifactKey: Guid(c7352c0ae50eab741a5ab3bd10ab8fdd) Importer(815301076,1909f56bfc062723c751e8b465ee728b)
Start importing Assets/Prefabs/SparkEffect.prefab using Guid(c7352c0ae50eab741a5ab3bd10ab8fdd) Importer(815301076,1909f56bfc062723c751e8b465ee728b)  -> (artifact id: '08d10053cd5bdc388c474fda7413c194') in 0.024856 seconds 
  Import took 0.127300 seconds .

========================================================================
Received Import Request.
  Time since last request: 0.000330 seconds.
  path: Assets/Prefabs/CogBullet.prefab
  artifactKey: Guid(9edbd0c0015ebc4479b7182103ac8df9) Importer(815301076,1909f56bfc062723c751e8b465ee728b)
Start importing Assets/Prefabs/CogBullet.prefab using Guid(9edbd0c0015ebc4479b7182103ac8df9) Importer(815301076,1909f56bfc062723c751e8b465ee728b)  -> (artifact id: '950d1c46ba5d4a059d3a7636a76b2799') in 0.039162 seconds 
  Import took 0.068725 seconds .

========================================================================
Received Import Request.
  Time since last request: 7.298269 seconds.
  path: Assets/Prefabs/SparkEffect.prefab
  artifactKey: Guid(c7352c0ae50eab741a5ab3bd10ab8fdd) Importer(815301076,1909f56bfc062723c751e8b465ee728b)
Start importing Assets/Prefabs/SparkEffect.prefab using Guid(c7352c0ae50eab741a5ab3bd10ab8fdd) Importer(815301076,1909f56bfc062723c751e8b465ee728b)  -> (artifact id: 'b69bd362b8c99634bbf89506a86bd36b') in 0.006222 seconds 
  Import took 0.037709 seconds .

========================================================================
Received Import Request.
  Time since last request: 0.000332 seconds.
  path: Assets/Prefabs/CogBullet.prefab
  artifactKey: Guid(9edbd0c0015ebc4479b7182103ac8df9) Importer(815301076,1909f56bfc062723c751e8b465ee728b)
Start importing Assets/Prefabs/CogBullet.prefab using Guid(9edbd0c0015ebc4479b7182103ac8df9) Importer(815301076,1909f56bfc062723c751e8b465ee728b)  -> (artifact id: '9b78a22fde84a669d0126ca9e2117463') in 0.038455 seconds 
  Import took 0.149866 seconds .

========================================================================
Received Import Request.
  Time since last request: 1.215796 seconds.
  path: Assets/Prefabs/SparkEffect.prefab
  artifactKey: Guid(c7352c0ae50eab741a5ab3bd10ab8fdd) Importer(815301076,1909f56bfc062723c751e8b465ee728b)
Start importing Assets/Prefabs/SparkEffect.prefab using Guid(c7352c0ae50eab741a5ab3bd10ab8fdd) Importer(815301076,1909f56bfc062723c751e8b465ee728b)  -> (artifact id: 'fecdfceda0d00c569955ea440703ce2d') in 0.004667 seconds 
  Import took 0.016170 seconds .

========================================================================
Received Import Request.
  Time since last request: 0.011182 seconds.
  path: Assets/Prefabs/CogBullet.prefab
  artifactKey: Guid(9edbd0c0015ebc4479b7182103ac8df9) Importer(815301076,1909f56bfc062723c751e8b465ee728b)
Start importing Assets/Prefabs/CogBullet.prefab using Guid(9edbd0c0015ebc4479b7182103ac8df9) Importer(815301076,1909f56bfc062723c751e8b465ee728b)  -> (artifact id: '4cb7635b835518e334bffed0828eb363') in 0.018888 seconds 
  Import took 0.035073 seconds .

========================================================================
Received Import Request.
  Time since last request: 1.064838 seconds.
  path: Assets/Prefabs/SparkEffect.prefab
  artifactKey: Guid(c7352c0ae50eab741a5ab3bd10ab8fdd) Importer(815301076,1909f56bfc062723c751e8b465ee728b)
Start importing Assets/Prefabs/SparkEffect.prefab using Guid(c7352c0ae50eab741a5ab3bd10ab8fdd) Importer(815301076,1909f56bfc062723c751e8b465ee728b)  -> (artifact id: 'f7eb4fdb18fbb2c8f6ee53a127385e42') in 0.005694 seconds 
  Import took 0.023923 seconds .

========================================================================
Received Import Request.
  Time since last request: 0.000336 seconds.
  path: Assets/Prefabs/CogBullet.prefab
  artifactKey: Guid(9edbd0c0015ebc4479b7182103ac8df9) Importer(815301076,1909f56bfc062723c751e8b465ee728b)
Start importing Assets/Prefabs/CogBullet.prefab using Guid(9edbd0c0015ebc4479b7182103ac8df9) Importer(815301076,1909f56bfc062723c751e8b465ee728b)  -> (artifact id: 'a864bedc3609998cff2f78bd9f6f99ca') in 0.011062 seconds 
  Import took 0.035646 seconds .

========================================================================
Received Import Request.
  Time since last request: 0.015144 seconds.
  path: Assets/Prefabs/CogBullet.prefab
  artifactKey: Guid(9edbd0c0015ebc4479b7182103ac8df9) Importer(815301076,1909f56bfc062723c751e8b465ee728b)
Start importing Assets/Prefabs/CogBullet.prefab using Guid(9edbd0c0015ebc4479b7182103ac8df9) Importer(815301076,1909f56bfc062723c751e8b465ee728b)  -> (artifact id: 'a864bedc3609998cff2f78bd9f6f99ca') in 0.011088 seconds 
  Import took 0.016228 seconds .

========================================================================
Received Import Request.
  Time since last request: 89.100612 seconds.
  path: Assets/Prefabs/SparkEffect.prefab
  artifactKey: Guid(c7352c0ae50eab741a5ab3bd10ab8fdd) Importer(815301076,1909f56bfc062723c751e8b465ee728b)
Start importing Assets/Prefabs/SparkEffect.prefab using Guid(c7352c0ae50eab741a5ab3bd10ab8fdd) Importer(815301076,1909f56bfc062723c751e8b465ee728b)  -> (artifact id: 'bacff63183e9acc319312a72c3e259bf') in 0.004498 seconds 
  Import took 0.026081 seconds .

========================================================================
Received Import Request.
  Time since last request: 0.000254 seconds.
  path: Assets/Prefabs/CogBullet.prefab
  artifactKey: Guid(9edbd0c0015ebc4479b7182103ac8df9) Importer(815301076,1909f56bfc062723c751e8b465ee728b)
Start importing Assets/Prefabs/CogBullet.prefab using Guid(9edbd0c0015ebc4479b7182103ac8df9) Importer(815301076,1909f56bfc062723c751e8b465ee728b)  -> (artifact id: 'fa3d2d50f194813ab93a676bb6d66528') in 0.011272 seconds 
  Import took 0.032338 seconds .

========================================================================
Received Import Request.
  Time since last request: 0.015290 seconds.
  path: Assets/Prefabs/CogBullet.prefab
  artifactKey: Guid(9edbd0c0015ebc4479b7182103ac8df9) Importer(815301076,1909f56bfc062723c751e8b465ee728b)
Start importing Assets/Prefabs/CogBullet.prefab using Guid(9edbd0c0015ebc4479b7182103ac8df9) Importer(815301076,1909f56bfc062723c751e8b465ee728b)  -> (artifact id: 'fa3d2d50f194813ab93a676bb6d66528') in 0.019213 seconds 
  Import took 0.023571 seconds .

========================================================================
Received Import Request.
  Time since last request: 0.923525 seconds.
  path: Assets/Prefabs/SparkEffect.prefab
  artifactKey: Guid(c7352c0ae50eab741a5ab3bd10ab8fdd) Importer(815301076,1909f56bfc062723c751e8b465ee728b)
Start importing Assets/Prefabs/SparkEffect.prefab using Guid(c7352c0ae50eab741a5ab3bd10ab8fdd) Importer(815301076,1909f56bfc062723c751e8b465ee728b)  -> (artifact id: 'a5edfc7b5f44334c27d51716becbb31f') in 0.004601 seconds 
  Import took 0.022314 seconds .

========================================================================
Received Import Request.
  Time since last request: 0.000427 seconds.
  path: Assets/Prefabs/CogBullet.prefab
  artifactKey: Guid(9edbd0c0015ebc4479b7182103ac8df9) Importer(815301076,1909f56bfc062723c751e8b465ee728b)
Start importing Assets/Prefabs/CogBullet.prefab using Guid(9edbd0c0015ebc4479b7182103ac8df9) Importer(815301076,1909f56bfc062723c751e8b465ee728b)  -> (artifact id: 'e462722375178f2872dd912e69c6049a') in 0.016906 seconds 
  Import took 0.050093 seconds .

========================================================================
Received Import Request.
  Time since last request: 0.000331 seconds.
  path: Assets/Prefabs/SparkEffect.prefab
  artifactKey: Guid(c7352c0ae50eab741a5ab3bd10ab8fdd) Importer(815301076,1909f56bfc062723c751e8b465ee728b)
Start importing Assets/Prefabs/SparkEffect.prefab using Guid(c7352c0ae50eab741a5ab3bd10ab8fdd) Importer(815301076,1909f56bfc062723c751e8b465ee728b)  -> (artifact id: 'a5edfc7b5f44334c27d51716becbb31f') in 0.004192 seconds 
  Import took 0.008428 seconds .

========================================================================
Received Import Request.
  Time since last request: 164.910984 seconds.
  path: Assets/Prefabs/SparkEffect.prefab
  artifactKey: Guid(c7352c0ae50eab741a5ab3bd10ab8fdd) Importer(815301076,1909f56bfc062723c751e8b465ee728b)
Start importing Assets/Prefabs/SparkEffect.prefab using Guid(c7352c0ae50eab741a5ab3bd10ab8fdd) Importer(815301076,1909f56bfc062723c751e8b465ee728b)  -> (artifact id: '4a98c4f83600bdcc1a4cad6e7464e4ff') in 0.005047 seconds 
  Import took 0.009558 seconds .

========================================================================
Received Import Request.
  Time since last request: 0.012720 seconds.
  path: Assets/Prefabs/CogBullet.prefab
  artifactKey: Guid(9edbd0c0015ebc4479b7182103ac8df9) Importer(815301076,1909f56bfc062723c751e8b465ee728b)
Start importing Assets/Prefabs/CogBullet.prefab using Guid(9edbd0c0015ebc4479b7182103ac8df9) Importer(815301076,1909f56bfc062723c751e8b465ee728b)  -> (artifact id: 'b8b8bea4f238b699905f3f8a33e044a4') in 0.013005 seconds 
  Import took 0.030773 seconds .

========================================================================
Received Import Request.
  Time since last request: 5.752542 seconds.
  path: Assets/Prefabs/CogBullet.prefab
  artifactKey: Guid(9edbd0c0015ebc4479b7182103ac8df9) Importer(815301076,1909f56bfc062723c751e8b465ee728b)
Start importing Assets/Prefabs/CogBullet.prefab using Guid(9edbd0c0015ebc4479b7182103ac8df9) Importer(815301076,1909f56bfc062723c751e8b465ee728b)  -> (artifact id: '567b7ed2b8f90d2659ac768ff7ea903e') in 0.017441 seconds 
  Import took 0.028921 seconds .

========================================================================
Received Import Request.
  Time since last request: 0.000352 seconds.
  path: Assets/Prefabs/SparkEffect.prefab
  artifactKey: Guid(c7352c0ae50eab741a5ab3bd10ab8fdd) Importer(815301076,1909f56bfc062723c751e8b465ee728b)
Start importing Assets/Prefabs/SparkEffect.prefab using Guid(c7352c0ae50eab741a5ab3bd10ab8fdd) Importer(815301076,1909f56bfc062723c751e8b465ee728b)  -> (artifact id: '4c14b1532c8e33e0e72c826bd6fbb0d1') in 0.004545 seconds 
  Import took 0.022316 seconds .

========================================================================
Received Import Request.
  Time since last request: 0.000260 seconds.
  path: Assets/Prefabs/CogBullet.prefab
  artifactKey: Guid(9edbd0c0015ebc4479b7182103ac8df9) Importer(815301076,1909f56bfc062723c751e8b465ee728b)
Start importing Assets/Prefabs/CogBullet.prefab using Guid(9edbd0c0015ebc4479b7182103ac8df9) Importer(815301076,1909f56bfc062723c751e8b465ee728b)  -> (artifact id: '567b7ed2b8f90d2659ac768ff7ea903e') in 0.015481 seconds 
  Import took 0.019441 seconds .

========================================================================
Received Import Request.
  Time since last request: 0.000296 seconds.
  path: Assets/Prefabs/SparkEffect.prefab
  artifactKey: Guid(c7352c0ae50eab741a5ab3bd10ab8fdd) Importer(815301076,1909f56bfc062723c751e8b465ee728b)
Start importing Assets/Prefabs/SparkEffect.prefab using Guid(c7352c0ae50eab741a5ab3bd10ab8fdd) Importer(815301076,1909f56bfc062723c751e8b465ee728b)  -> (artifact id: '4c14b1532c8e33e0e72c826bd6fbb0d1') in 0.007211 seconds 
  Import took 0.011285 seconds .

========================================================================
Received Import Request.
  Time since last request: 3.874220 seconds.
  path: Assets/Prefabs/CogBullet.prefab
  artifactKey: Guid(9edbd0c0015ebc4479b7182103ac8df9) Importer(815301076,1909f56bfc062723c751e8b465ee728b)
Start importing Assets/Prefabs/CogBullet.prefab using Guid(9edbd0c0015ebc4479b7182103ac8df9) Importer(815301076,1909f56bfc062723c751e8b465ee728b)  -> (artifact id: 'c16f576cdc9f8e6914cd62076cdf7e0e') in 0.013149 seconds 
  Import took 0.017254 seconds .

========================================================================
Received Import Request.
  Time since last request: 122.922943 seconds.
  path: Assets/Prefabs/CogBullet.prefab
  artifactKey: Guid(9edbd0c0015ebc4479b7182103ac8df9) Importer(815301076,1909f56bfc062723c751e8b465ee728b)
Start importing Assets/Prefabs/CogBullet.prefab using Guid(9edbd0c0015ebc4479b7182103ac8df9) Importer(815301076,1909f56bfc062723c751e8b465ee728b)  -> (artifact id: '34318ddd1e262e4aeb53aa6278a6e818') in 0.018696 seconds 
  Import took 0.035180 seconds .

========================================================================
Received Import Request.
  Time since last request: 101.542441 seconds.
  path: Assets/Prefabs/CogBullet.prefab
  artifactKey: Guid(9edbd0c0015ebc4479b7182103ac8df9) Importer(815301076,1909f56bfc062723c751e8b465ee728b)
Start importing Assets/Prefabs/CogBullet.prefab using Guid(9edbd0c0015ebc4479b7182103ac8df9) Importer(815301076,1909f56bfc062723c751e8b465ee728b)  -> (artifact id: '0b683f51be404ca6942835aad47f2af0') in 0.019338 seconds 
  Import took 0.060858 seconds .

========================================================================
Received Prepare
Registering precompiled user dll's ...
Registered in 0.003992 seconds.
Begin MonoManager ReloadAssembly
Native extension for WindowsStandalone target not found
Native extension for WebGL target not found
Refreshing native plugins compatible for Editor in 0.47 ms, found 3 plugins.
Preloading 0 native plugins for Editor in 0.00 ms.
Mono: successfully reloaded assembly
- Completed reload, in  1.120 seconds
Platform modules already initialized, skipping
Refreshing native plugins compatible for Editor in 0.58 ms, found 3 plugins.
Preloading 0 native plugins for Editor in 0.00 ms.
Unloading 2329 Unused Serialized files (Serialized files now loaded: 0)
System memory in use before: 104.4 MB.
System memory in use after: 104.7 MB.

Unloading 17 unused Assets to reduce memory usage. Loaded Objects now: 2852.
Total: 2.769200 ms (FindLiveObjects: 0.257800 ms CreateObjectMapping: 0.108700 ms MarkObjects: 2.384100 ms  DeleteObjects: 0.017500 ms)

AssetImportParameters requested are different than current active one (requested -> active):
  custom:framework-win-MediaFoundation: 216162199b28c13a410421893ffa2e32 -> 
  custom:video-decoder-ogg-theora: a1e56fd34408186e4bbccfd4996cb3dc -> 
  custom:container-muxer-webm: aa71ff27fc2769a1b78a27578f13a17b -> 
  custom:container-demuxer-webm: 4f35f7cbe854078d1ac9338744f61a02 -> 
  custom:container-demuxer-ogg: 62fdf1f143b41e24485cea50d1cbac27 -> 
  custom:video-encoder-webm-vp8: eb34c28f22e8b96e1ab97ce403110664 -> 
  custom:video-decoder-webm-vp8: 9c59270c3fd7afecdb556c50c9e8de78 -> 
  custom:audio-decoder-ogg-vorbis: bf7c407c2cedff20999df2af8eb42d56 -> 
  custom:audio-encoder-webm-vorbis: bf7c407c2cedff20999df2af8eb42d56 -> 
========================================================================
Received Prepare
Registering precompiled user dll's ...
Registered in 0.005061 seconds.
Begin MonoManager ReloadAssembly
Native extension for WindowsStandalone target not found
Native extension for WebGL target not found
Refreshing native plugins compatible for Editor in 0.45 ms, found 3 plugins.
Preloading 0 native plugins for Editor in 0.00 ms.
Mono: successfully reloaded assembly
- Completed reload, in  1.064 seconds
Platform modules already initialized, skipping
Refreshing native plugins compatible for Editor in 0.54 ms, found 3 plugins.
Preloading 0 native plugins for Editor in 0.00 ms.
Unloading 2329 Unused Serialized files (Serialized files now loaded: 0)
System memory in use before: 104.3 MB.
System memory in use after: 104.6 MB.

Unloading 17 unused Assets to reduce memory usage. Loaded Objects now: 2856.
Total: 2.663600 ms (FindLiveObjects: 0.232100 ms CreateObjectMapping: 0.089200 ms MarkObjects: 2.324700 ms  DeleteObjects: 0.016800 ms)

AssetImportParameters requested are different than current active one (requested -> active):
  custom:framework-win-MediaFoundation: 216162199b28c13a410421893ffa2e32 -> 
  custom:video-decoder-ogg-theora: a1e56fd34408186e4bbccfd4996cb3dc -> 
  custom:container-muxer-webm: aa71ff27fc2769a1b78a27578f13a17b -> 
  custom:container-demuxer-webm: 4f35f7cbe854078d1ac9338744f61a02 -> 
  custom:container-demuxer-ogg: 62fdf1f143b41e24485cea50d1cbac27 -> 
  custom:video-encoder-webm-vp8: eb34c28f22e8b96e1ab97ce403110664 -> 
  custom:video-decoder-webm-vp8: 9c59270c3fd7afecdb556c50c9e8de78 -> 
  custom:audio-decoder-ogg-vorbis: bf7c407c2cedff20999df2af8eb42d56 -> 
  custom:audio-encoder-webm-vorbis: bf7c407c2cedff20999df2af8eb42d56 -> 
========================================================================
Received Import Request.
  Time since last request: 83.439420 seconds.
  path: Assets/Prefabs/CogBullet.prefab
  artifactKey: Guid(9edbd0c0015ebc4479b7182103ac8df9) Importer(815301076,1909f56bfc062723c751e8b465ee728b)
Start importing Assets/Prefabs/CogBullet.prefab using Guid(9edbd0c0015ebc4479b7182103ac8df9) Importer(815301076,1909f56bfc062723c751e8b465ee728b)  -> (artifact id: '8c02d5386ecfcc168de38d6bc2bfe80f') in 0.053801 seconds 
  Import took 0.160932 seconds .

========================================================================
Received Prepare
Registering precompiled user dll's ...
Registered in 0.004999 seconds.
Begin MonoManager ReloadAssembly
Native extension for WindowsStandalone target not found
Native extension for WebGL target not found
Refreshing native plugins compatible for Editor in 0.46 ms, found 3 plugins.
Preloading 0 native plugins for Editor in 0.00 ms.
Mono: successfully reloaded assembly
- Completed reload, in  1.073 seconds
Platform modules already initialized, skipping
Refreshing native plugins compatible for Editor in 0.46 ms, found 3 plugins.
Preloading 0 native plugins for Editor in 0.00 ms.
Unloading 2329 Unused Serialized files (Serialized files now loaded: 0)
System memory in use before: 104.5 MB.
System memory in use after: 104.7 MB.

Unloading 17 unused Assets to reduce memory usage. Loaded Objects now: 2861.
Total: 2.186200 ms (FindLiveObjects: 0.213800 ms CreateObjectMapping: 0.099300 ms MarkObjects: 1.858200 ms  DeleteObjects: 0.014000 ms)

AssetImportParameters requested are different than current active one (requested -> active):
  custom:framework-win-MediaFoundation: 216162199b28c13a410421893ffa2e32 -> 
  custom:video-decoder-ogg-theora: a1e56fd34408186e4bbccfd4996cb3dc -> 
  custom:container-muxer-webm: aa71ff27fc2769a1b78a27578f13a17b -> 
  custom:container-demuxer-webm: 4f35f7cbe854078d1ac9338744f61a02 -> 
  custom:container-demuxer-ogg: 62fdf1f143b41e24485cea50d1cbac27 -> 
  custom:video-encoder-webm-vp8: eb34c28f22e8b96e1ab97ce403110664 -> 
  custom:video-decoder-webm-vp8: 9c59270c3fd7afecdb556c50c9e8de78 -> 
  custom:audio-decoder-ogg-vorbis: bf7c407c2cedff20999df2af8eb42d56 -> 
  custom:audio-encoder-webm-vorbis: bf7c407c2cedff20999df2af8eb42d56 -> 
AssetImportWorkerClient::OnTransportError - code=2 error=End of file
